Build started 2/20/2012 8:39:07 PM.
     1>Project "N:\Workspace\ProjectEulerProblems\Problem 5\Problem 5\Problem 5.vcxproj" on node 2 (build target(s)).
     1>InitializeBuildStatus:
         Creating "Debug\Problem 5.unsuccessfulbuild" because "AlwaysCreate" was specified.
       ClCompile:
         C:\Program Files (x86)\Microsoft Visual Studio 10.0\VC\bin\CL.exe /c /ZI /nologo /W3 /WX- /Od /Oy- /D WIN32 /D _DEBUG /D _CONSOLE /D _UNICODE /D UNICODE /Gm /EHsc /RTC1 /MDd /GS /fp:precise /Zc:wchar_t /Zc:forScope /Fo"Debug\\" /Fd"Debug\vc100.pdb" /Gd /TC /analyze- /errorReport:prompt main.c
         main.c
       ManifestResourceCompile:
         All outputs are up-to-date.
       Link:
         C:\Program Files (x86)\Microsoft Visual Studio 10.0\VC\bin\link.exe /ERRORREPORT:PROMPT /OUT:"N:\Workspace\ProjectEulerProblems\Problem 5\Debug\Problem 5.exe" /INCREMENTAL /NOLOGO kernel32.lib user32.lib gdi32.lib winspool.lib comdlg32.lib advapi32.lib shell32.lib ole32.lib oleaut32.lib uuid.lib odbc32.lib odbccp32.lib /MANIFEST /ManifestFile:"Debug\Problem 5.exe.intermediate.manifest" /MANIFESTUAC:"level='asInvoker' uiAccess='false'" /DEBUG /PDB:"N:\Workspace\ProjectEulerProblems\Problem 5\Debug\Problem 5.pdb" /SUBSYSTEM:CONSOLE /TLBID:1 /DYNAMICBASE /NXCOMPAT /IMPLIB:"N:\Workspace\ProjectEulerProblems\Problem 5\Debug\Problem 5.lib" /MACHINE:X86 "Debug\Problem 5.exe.embed.manifest.res"
         Debug\main.obj
       Manifest:
         C:\Program Files (x86)\Microsoft SDKs\Windows\v7.0A\bin\mt.exe /nologo /verbose /out:"Debug\Problem 5.exe.embed.manifest" /manifest "Debug\Problem 5.exe.intermediate.manifest"
         All outputs are up-to-date.
       LinkEmbedManifest:
         All outputs are up-to-date.
         Problem 5.vcxproj -> N:\Workspace\ProjectEulerProblems\Problem 5\Debug\Problem 5.exe
       FinalizeBuildStatus:
         Deleting file "Debug\Problem 5.unsuccessfulbuild".
         Touching "Debug\Problem 5.lastbuildstate".
     1>Done Building Project "N:\Workspace\ProjectEulerProblems\Problem 5\Problem 5\Problem 5.vcxproj" (build target(s)).

Build succeeded.

Time Elapsed 00:00:00.20
